{
  "stats": {
    "suites": 3,
    "tests": 11,
    "passes": 11,
    "pending": 0,
    "failures": 0,
    "start": "2025-12-14T16:14:28.606Z",
    "end": "2025-12-14T16:14:34.092Z",
    "duration": 5486,
    "testsRegistered": 11,
    "passPercent": 100,
    "pendingPercent": 0,
    "other": 0,
    "hasOther": false,
    "skipped": 0,
    "hasSkipped": false
  },
  "results": [
    {
      "uuid": "a405e950-a55c-49d5-88bb-d7a633e082e7",
      "title": "",
      "fullFile": "cypress/e2e/contexts/home/run_Verify_Page.spec.js",
      "file": "cypress/e2e/contexts/home/run_Verify_Page.spec.js",
      "beforeHooks": [],
      "afterHooks": [],
      "tests": [],
      "suites": [
        {
          "uuid": "584a3825-3bcf-4f63-bafa-ed46ed09801b",
          "title": "Verify home page content",
          "fullFile": "",
          "file": "",
          "beforeHooks": [],
          "afterHooks": [],
          "tests": [],
          "suites": [
            {
              "uuid": "0391d079-c506-4839-8efd-32813d488413",
              "title": "Tests",
              "fullFile": "",
              "file": "",
              "beforeHooks": [],
              "afterHooks": [],
              "tests": [],
              "suites": [
                {
                  "uuid": "0d53dcde-04df-41e7-8b70-6f4bf9237b01",
                  "title": "Verify",
                  "fullFile": "",
                  "file": "",
                  "beforeHooks": [],
                  "afterHooks": [],
                  "tests": [
                    {
                      "title": "When I go to home page",
                      "fullTitle": "Verify home page content Tests Verify When I go to home page",
                      "timedOut": null,
                      "duration": 1033,
                      "state": "passed",
                      "speed": "fast",
                      "pass": true,
                      "fail": false,
                      "pending": false,
                      "context": null,
                      "code": "cy.visit('/');",
                      "err": {},
                      "uuid": "aa9f8150-6210-4ad1-b1e0-c0d6cbb9a54b",
                      "parentUUID": "0d53dcde-04df-41e7-8b70-6f4bf9237b01",
                      "isHook": false,
                      "skipped": false
                    },
                    {
                      "title": "Then I verify home welcome content",
                      "fullTitle": "Verify home page content Tests Verify Then I verify home welcome content",
                      "timedOut": null,
                      "duration": 86,
                      "state": "passed",
                      "speed": "fast",
                      "pass": true,
                      "fail": false,
                      "pending": false,
                      "context": null,
                      "code": "_home.default.verifyHome({\n  header: _home2.default.home.header,\n  homeText: _home2.default.home.text\n});",
                      "err": {},
                      "uuid": "a8aabd1c-5b3d-4629-a62c-61aa665e0de1",
                      "parentUUID": "0d53dcde-04df-41e7-8b70-6f4bf9237b01",
                      "isHook": false,
                      "skipped": false
                    },
                    {
                      "title": "Then I verify first post",
                      "fullTitle": "Verify home page content Tests Verify Then I verify first post",
                      "timedOut": null,
                      "duration": 506,
                      "state": "passed",
                      "speed": "fast",
                      "pass": true,
                      "fail": false,
                      "pending": false,
                      "context": null,
                      "code": "_home.default.verifyPosts({\n  header: _home2.default.posts.header,\n  article: _home2.default.posts.article_1\n});",
                      "err": {},
                      "uuid": "1ed2b51a-8a14-4a97-8a65-be640f96f577",
                      "parentUUID": "0d53dcde-04df-41e7-8b70-6f4bf9237b01",
                      "isHook": false,
                      "skipped": false
                    },
                    {
                      "title": "Then I verify second post",
                      "fullTitle": "Verify home page content Tests Verify Then I verify second post",
                      "timedOut": null,
                      "duration": 793,
                      "state": "passed",
                      "speed": "fast",
                      "pass": true,
                      "fail": false,
                      "pending": false,
                      "context": null,
                      "code": "_home.default.verifyPosts({\n  header: _home2.default.posts.header,\n  article: _home2.default.posts.article_2\n});",
                      "err": {},
                      "uuid": "4d05a94a-c34a-4ca6-83d6-b18dd7c1501e",
                      "parentUUID": "0d53dcde-04df-41e7-8b70-6f4bf9237b01",
                      "isHook": false,
                      "skipped": false
                    },
                    {
                      "title": "Then I verify third post",
                      "fullTitle": "Verify home page content Tests Verify Then I verify third post",
                      "timedOut": null,
                      "duration": 483,
                      "state": "passed",
                      "speed": "fast",
                      "pass": true,
                      "fail": false,
                      "pending": false,
                      "context": null,
                      "code": "_home.default.verifyPosts({\n  header: _home2.default.posts.header,\n  article: _home2.default.posts.article_3\n});",
                      "err": {},
                      "uuid": "edd3e761-c1c3-40d8-a18a-d5e2ca03779f",
                      "parentUUID": "0d53dcde-04df-41e7-8b70-6f4bf9237b01",
                      "isHook": false,
                      "skipped": false
                    },
                    {
                      "title": "Then I verify fourth post",
                      "fullTitle": "Verify home page content Tests Verify Then I verify fourth post",
                      "timedOut": null,
                      "duration": 557,
                      "state": "passed",
                      "speed": "fast",
                      "pass": true,
                      "fail": false,
                      "pending": false,
                      "context": null,
                      "code": "_home.default.verifyPosts({\n  header: _home2.default.posts.header,\n  article: _home2.default.posts.article_4\n});",
                      "err": {},
                      "uuid": "50eb4c2e-bb08-415d-8b41-1f88bc6a7e3d",
                      "parentUUID": "0d53dcde-04df-41e7-8b70-6f4bf9237b01",
                      "isHook": false,
                      "skipped": false
                    },
                    {
                      "title": "Then I verify fifth post and navigate to next page",
                      "fullTitle": "Verify home page content Tests Verify Then I verify fifth post and navigate to next page",
                      "timedOut": null,
                      "duration": 568,
                      "state": "passed",
                      "speed": "fast",
                      "pass": true,
                      "fail": false,
                      "pending": false,
                      "context": null,
                      "code": "_home.default.verifyPosts({\n  header: _home2.default.posts.header,\n  article: _home2.default.posts.article_5,\n  changePage: 'Next'\n});",
                      "err": {},
                      "uuid": "8e753e63-3c78-4c00-88b8-a1d9fdc0c6fb",
                      "parentUUID": "0d53dcde-04df-41e7-8b70-6f4bf9237b01",
                      "isHook": false,
                      "skipped": false
                    },
                    {
                      "title": "Then I verify sixth post",
                      "fullTitle": "Verify home page content Tests Verify Then I verify sixth post",
                      "timedOut": null,
                      "duration": 322,
                      "state": "passed",
                      "speed": "fast",
                      "pass": true,
                      "fail": false,
                      "pending": false,
                      "context": null,
                      "code": "_home.default.verifyPosts({\n  header: _home2.default.posts.header,\n  article: _home2.default.posts.article_6\n});",
                      "err": {},
                      "uuid": "5b485157-72dc-44e4-bfe4-1984291cefa8",
                      "parentUUID": "0d53dcde-04df-41e7-8b70-6f4bf9237b01",
                      "isHook": false,
                      "skipped": false
                    },
                    {
                      "title": "Then I verify seventh post",
                      "fullTitle": "Verify home page content Tests Verify Then I verify seventh post",
                      "timedOut": null,
                      "duration": 317,
                      "state": "passed",
                      "speed": "fast",
                      "pass": true,
                      "fail": false,
                      "pending": false,
                      "context": null,
                      "code": "_home.default.verifyPosts({\n  header: _home2.default.posts.header,\n  article: _home2.default.posts.article_7\n});",
                      "err": {},
                      "uuid": "8779ea6c-e728-49f2-adbb-ba3321c5c001",
                      "parentUUID": "0d53dcde-04df-41e7-8b70-6f4bf9237b01",
                      "isHook": false,
                      "skipped": false
                    },
                    {
                      "title": "Then I verify eighth post",
                      "fullTitle": "Verify home page content Tests Verify Then I verify eighth post",
                      "timedOut": null,
                      "duration": 274,
                      "state": "passed",
                      "speed": "fast",
                      "pass": true,
                      "fail": false,
                      "pending": false,
                      "context": null,
                      "code": "_home.default.verifyPosts({\n  header: _home2.default.posts.header,\n  article: _home2.default.posts.article_8\n});",
                      "err": {},
                      "uuid": "1306c6f6-6f7b-4862-8804-3f02d8b0aeae",
                      "parentUUID": "0d53dcde-04df-41e7-8b70-6f4bf9237b01",
                      "isHook": false,
                      "skipped": false
                    },
                    {
                      "title": "Then I verify ninth post and navigate to previous page",
                      "fullTitle": "Verify home page content Tests Verify Then I verify ninth post and navigate to previous page",
                      "timedOut": null,
                      "duration": 383,
                      "state": "passed",
                      "speed": "fast",
                      "pass": true,
                      "fail": false,
                      "pending": false,
                      "context": null,
                      "code": "_home.default.verifyPosts({\n  header: _home2.default.posts.header,\n  article: _home2.default.posts.article_9,\n  changePage: 'Previous'\n});",
                      "err": {},
                      "uuid": "d4f0ef3b-d032-4555-8852-5c6b71fe4214",
                      "parentUUID": "0d53dcde-04df-41e7-8b70-6f4bf9237b01",
                      "isHook": false,
                      "skipped": false
                    }
                  ],
                  "suites": [],
                  "passes": [
                    "aa9f8150-6210-4ad1-b1e0-c0d6cbb9a54b",
                    "a8aabd1c-5b3d-4629-a62c-61aa665e0de1",
                    "1ed2b51a-8a14-4a97-8a65-be640f96f577",
                    "4d05a94a-c34a-4ca6-83d6-b18dd7c1501e",
                    "edd3e761-c1c3-40d8-a18a-d5e2ca03779f",
                    "50eb4c2e-bb08-415d-8b41-1f88bc6a7e3d",
                    "8e753e63-3c78-4c00-88b8-a1d9fdc0c6fb",
                    "5b485157-72dc-44e4-bfe4-1984291cefa8",
                    "8779ea6c-e728-49f2-adbb-ba3321c5c001",
                    "1306c6f6-6f7b-4862-8804-3f02d8b0aeae",
                    "d4f0ef3b-d032-4555-8852-5c6b71fe4214"
                  ],
                  "failures": [],
                  "pending": [],
                  "skipped": [],
                  "duration": 5322,
                  "root": false,
                  "rootEmpty": false,
                  "_timeout": 2000
                }
              ],
              "passes": [],
              "failures": [],
              "pending": [],
              "skipped": [],
              "duration": 0,
              "root": false,
              "rootEmpty": false,
              "_timeout": 2000
            }
          ],
          "passes": [],
          "failures": [],
          "pending": [],
          "skipped": [],
          "duration": 0,
          "root": false,
          "rootEmpty": false,
          "_timeout": 2000
        }
      ],
      "passes": [],
      "failures": [],
      "pending": [],
      "skipped": [],
      "duration": 0,
      "root": true,
      "rootEmpty": true,
      "_timeout": 2000
    }
  ],
  "meta": {
    "mocha": {
      "version": "7.2.0"
    },
    "mochawesome": {
      "options": {
        "quiet": false,
        "reportFilename": "mochawesome",
        "saveHtml": false,
        "saveJson": true,
        "consoleReporter": "spec",
        "useInlineDiffs": false,
        "code": true
      },
      "version": "7.1.4"
    },
    "marge": {
      "options": {
        "reportDir": "cypress/reports/mocha",
        "charts": true,
        "overwrite": false,
        "reportPageTitle": "TarlanZiyadov_CypressE2E",
        "embeddedScreenshots": true,
        "inlineAssets": true,
        "saveAllAttempts": false,
        "showPassed": true,
        "showFailed": true,
        "showPending": true,
        "showSkipped": true,
        "html": false,
        "json": true,
        "configFile": "/home/runner/work/Cypress_e2e_TarlanZiyadov/Cypress_e2e_TarlanZiyadov/multi-reporter-config.json"
      },
      "version": "6.3.2"
    }
  }
}