{
  "stats": {
    "suites": 3,
    "tests": 8,
    "passes": 8,
    "pending": 0,
    "failures": 0,
    "start": "2025-12-14T16:14:31.605Z",
    "end": "2025-12-14T16:14:33.852Z",
    "duration": 2247,
    "testsRegistered": 8,
    "passPercent": 100,
    "pendingPercent": 0,
    "other": 0,
    "hasOther": false,
    "skipped": 0,
    "hasSkipped": false
  },
  "results": [
    {
      "uuid": "51623efd-d285-4e61-8349-2d1b1c814267",
      "title": "",
      "fullFile": "cypress/e2e/contexts/about/run_Verify_Page.spec.js",
      "file": "cypress/e2e/contexts/about/run_Verify_Page.spec.js",
      "beforeHooks": [],
      "afterHooks": [],
      "tests": [],
      "suites": [
        {
          "uuid": "505c0e4a-0e2d-41f0-a1f3-7a6e4105302e",
          "title": "Verify about page content",
          "fullFile": "",
          "file": "",
          "beforeHooks": [],
          "afterHooks": [],
          "tests": [],
          "suites": [
            {
              "uuid": "7eaf8bdb-81ba-48c0-92a9-e6ed61c1b685",
              "title": "Tests",
              "fullFile": "",
              "file": "",
              "beforeHooks": [],
              "afterHooks": [],
              "tests": [],
              "suites": [
                {
                  "uuid": "73fa17ba-5d46-443d-ab09-0f64d5927e19",
                  "title": "Verify",
                  "fullFile": "",
                  "file": "",
                  "beforeHooks": [],
                  "afterHooks": [],
                  "tests": [
                    {
                      "title": "When I go to about page",
                      "fullTitle": "Verify about page content Tests Verify When I go to about page",
                      "timedOut": null,
                      "duration": 1612,
                      "state": "passed",
                      "speed": "fast",
                      "pass": true,
                      "fail": false,
                      "pending": false,
                      "context": null,
                      "code": "cy.visit('/about');",
                      "err": {},
                      "uuid": "5b5783cb-3826-4a2b-a1de-b4793d9934d7",
                      "parentUUID": "73fa17ba-5d46-443d-ab09-0f64d5927e19",
                      "isHook": false,
                      "skipped": false
                    },
                    {
                      "title": "Then I verify about content",
                      "fullTitle": "Verify about page content Tests Verify Then I verify about content",
                      "timedOut": null,
                      "duration": 195,
                      "state": "passed",
                      "speed": "fast",
                      "pass": true,
                      "fail": false,
                      "pending": false,
                      "context": null,
                      "code": "_about.default.verifyAbout({\n  header: _about2.default.about.header,\n  aboutText: _about2.default.about.text\n});",
                      "err": {},
                      "uuid": "e56867b4-fab4-4b86-af9e-e702fd02b904",
                      "parentUUID": "73fa17ba-5d46-443d-ab09-0f64d5927e19",
                      "isHook": false,
                      "skipped": false
                    },
                    {
                      "title": "Then I verify first expertise",
                      "fullTitle": "Verify about page content Tests Verify Then I verify first expertise",
                      "timedOut": null,
                      "duration": 42,
                      "state": "passed",
                      "speed": "fast",
                      "pass": true,
                      "fail": false,
                      "pending": false,
                      "context": null,
                      "code": "_about.default.verifyExpertise({\n  header: _about2.default.expertise.header,\n  expertise: _about2.default.expertise.expertise_1\n});",
                      "err": {},
                      "uuid": "fe993d6b-2894-4ff4-849d-e756cd413ab2",
                      "parentUUID": "73fa17ba-5d46-443d-ab09-0f64d5927e19",
                      "isHook": false,
                      "skipped": false
                    },
                    {
                      "title": "Then I verify second expertise",
                      "fullTitle": "Verify about page content Tests Verify Then I verify second expertise",
                      "timedOut": null,
                      "duration": 42,
                      "state": "passed",
                      "speed": "fast",
                      "pass": true,
                      "fail": false,
                      "pending": false,
                      "context": null,
                      "code": "_about.default.verifyExpertise({\n  header: _about2.default.expertise.header,\n  expertise: _about2.default.expertise.expertise_2\n});",
                      "err": {},
                      "uuid": "16c54aa7-f980-4900-978c-1e4fa3e3c263",
                      "parentUUID": "73fa17ba-5d46-443d-ab09-0f64d5927e19",
                      "isHook": false,
                      "skipped": false
                    },
                    {
                      "title": "Then I verify third expertise",
                      "fullTitle": "Verify about page content Tests Verify Then I verify third expertise",
                      "timedOut": null,
                      "duration": 40,
                      "state": "passed",
                      "speed": "fast",
                      "pass": true,
                      "fail": false,
                      "pending": false,
                      "context": null,
                      "code": "_about.default.verifyExpertise({\n  header: _about2.default.expertise.header,\n  expertise: _about2.default.expertise.expertise_3\n});",
                      "err": {},
                      "uuid": "a3bd53f9-6720-42f9-b6ed-f82c9d875d62",
                      "parentUUID": "73fa17ba-5d46-443d-ab09-0f64d5927e19",
                      "isHook": false,
                      "skipped": false
                    },
                    {
                      "title": "Then I verify fourth expertise",
                      "fullTitle": "Verify about page content Tests Verify Then I verify fourth expertise",
                      "timedOut": null,
                      "duration": 40,
                      "state": "passed",
                      "speed": "fast",
                      "pass": true,
                      "fail": false,
                      "pending": false,
                      "context": null,
                      "code": "_about.default.verifyExpertise({\n  header: _about2.default.expertise.header,\n  expertise: _about2.default.expertise.expertise_4\n});",
                      "err": {},
                      "uuid": "266a18c7-2322-4c08-b050-80e86db042fe",
                      "parentUUID": "73fa17ba-5d46-443d-ab09-0f64d5927e19",
                      "isHook": false,
                      "skipped": false
                    },
                    {
                      "title": "Then I verify fifth expertise",
                      "fullTitle": "Verify about page content Tests Verify Then I verify fifth expertise",
                      "timedOut": null,
                      "duration": 38,
                      "state": "passed",
                      "speed": "fast",
                      "pass": true,
                      "fail": false,
                      "pending": false,
                      "context": null,
                      "code": "_about.default.verifyExpertise({\n  header: _about2.default.expertise.header,\n  expertise: _about2.default.expertise.expertise_5\n});",
                      "err": {},
                      "uuid": "b3c1e23c-adc1-47dc-ab09-bb6f101f338e",
                      "parentUUID": "73fa17ba-5d46-443d-ab09-0f64d5927e19",
                      "isHook": false,
                      "skipped": false
                    },
                    {
                      "title": "Then I verify sixth expertise",
                      "fullTitle": "Verify about page content Tests Verify Then I verify sixth expertise",
                      "timedOut": null,
                      "duration": 47,
                      "state": "passed",
                      "speed": "fast",
                      "pass": true,
                      "fail": false,
                      "pending": false,
                      "context": null,
                      "code": "_about.default.verifyExpertise({\n  header: _about2.default.expertise.header,\n  expertise: _about2.default.expertise.expertise_6\n});",
                      "err": {},
                      "uuid": "c9d191a5-2030-4e54-81c8-3f24a5f7d8fa",
                      "parentUUID": "73fa17ba-5d46-443d-ab09-0f64d5927e19",
                      "isHook": false,
                      "skipped": false
                    }
                  ],
                  "suites": [],
                  "passes": [
                    "5b5783cb-3826-4a2b-a1de-b4793d9934d7",
                    "e56867b4-fab4-4b86-af9e-e702fd02b904",
                    "fe993d6b-2894-4ff4-849d-e756cd413ab2",
                    "16c54aa7-f980-4900-978c-1e4fa3e3c263",
                    "a3bd53f9-6720-42f9-b6ed-f82c9d875d62",
                    "266a18c7-2322-4c08-b050-80e86db042fe",
                    "b3c1e23c-adc1-47dc-ab09-bb6f101f338e",
                    "c9d191a5-2030-4e54-81c8-3f24a5f7d8fa"
                  ],
                  "failures": [],
                  "pending": [],
                  "skipped": [],
                  "duration": 2056,
                  "root": false,
                  "rootEmpty": false,
                  "_timeout": 2000
                }
              ],
              "passes": [],
              "failures": [],
              "pending": [],
              "skipped": [],
              "duration": 0,
              "root": false,
              "rootEmpty": false,
              "_timeout": 2000
            }
          ],
          "passes": [],
          "failures": [],
          "pending": [],
          "skipped": [],
          "duration": 0,
          "root": false,
          "rootEmpty": false,
          "_timeout": 2000
        }
      ],
      "passes": [],
      "failures": [],
      "pending": [],
      "skipped": [],
      "duration": 0,
      "root": true,
      "rootEmpty": true,
      "_timeout": 2000
    }
  ],
  "meta": {
    "mocha": {
      "version": "7.2.0"
    },
    "mochawesome": {
      "options": {
        "quiet": false,
        "reportFilename": "mochawesome",
        "saveHtml": false,
        "saveJson": true,
        "consoleReporter": "spec",
        "useInlineDiffs": false,
        "code": true
      },
      "version": "7.1.4"
    },
    "marge": {
      "options": {
        "reportDir": "cypress/reports/mocha",
        "charts": true,
        "overwrite": false,
        "reportPageTitle": "TarlanZiyadov_CypressE2E",
        "embeddedScreenshots": true,
        "inlineAssets": true,
        "saveAllAttempts": false,
        "showPassed": true,
        "showFailed": true,
        "showPending": true,
        "showSkipped": true,
        "html": false,
        "json": true,
        "configFile": "/home/runner/work/Cypress_e2e_TarlanZiyadov/Cypress_e2e_TarlanZiyadov/multi-reporter-config.json"
      },
      "version": "6.3.2"
    }
  }
}