{
  "stats": {
    "suites": 1,
    "tests": 1,
    "passes": 1,
    "pending": 0,
    "failures": 0,
    "start": "2025-12-14T16:14:19.760Z",
    "end": "2025-12-14T16:14:19.856Z",
    "duration": 96,
    "testsRegistered": 1,
    "passPercent": 100,
    "pendingPercent": 0,
    "other": 0,
    "hasOther": false,
    "skipped": 0,
    "hasSkipped": false
  },
  "results": [
    {
      "uuid": "35938a2c-4bba-4f6c-ab26-2d550852e535",
      "title": "",
      "fullFile": "cypress/e2e/runBeforeAll/index.spec.js",
      "file": "cypress/e2e/runBeforeAll/index.spec.js",
      "beforeHooks": [],
      "afterHooks": [],
      "tests": [],
      "suites": [
        {
          "uuid": "4d393338-7f9f-4ad8-ae45-865a303095e8",
          "title": "E2E tests 2025-12-14 17:14:19 Stockholm time zone",
          "fullFile": "",
          "file": "",
          "beforeHooks": [],
          "afterHooks": [],
          "tests": [
            {
              "title": "Initiate common state",
              "fullTitle": "E2E tests 2025-12-14 17:14:19 Stockholm time zone Initiate common state",
              "timedOut": null,
              "duration": 71,
              "state": "passed",
              "speed": "fast",
              "pass": true,
              "fail": false,
              "pending": false,
              "context": null,
              "code": "cy.writeFile('cypress/fixtures/commonState.json', JSON.stringify(_constants.commonState));",
              "err": {},
              "uuid": "a6682784-a7ef-4db9-b85a-51af256ff9b3",
              "parentUUID": "4d393338-7f9f-4ad8-ae45-865a303095e8",
              "isHook": false,
              "skipped": false
            }
          ],
          "suites": [],
          "passes": [
            "a6682784-a7ef-4db9-b85a-51af256ff9b3"
          ],
          "failures": [],
          "pending": [],
          "skipped": [],
          "duration": 71,
          "root": false,
          "rootEmpty": false,
          "_timeout": 2000
        }
      ],
      "passes": [],
      "failures": [],
      "pending": [],
      "skipped": [],
      "duration": 0,
      "root": true,
      "rootEmpty": true,
      "_timeout": 2000
    }
  ],
  "meta": {
    "mocha": {
      "version": "7.2.0"
    },
    "mochawesome": {
      "options": {
        "quiet": false,
        "reportFilename": "mochawesome",
        "saveHtml": false,
        "saveJson": true,
        "consoleReporter": "spec",
        "useInlineDiffs": false,
        "code": true
      },
      "version": "7.1.4"
    },
    "marge": {
      "options": {
        "reportDir": "cypress/reports/mocha",
        "charts": true,
        "overwrite": false,
        "reportPageTitle": "TarlanZiyadov_CypressE2E",
        "embeddedScreenshots": true,
        "inlineAssets": true,
        "saveAllAttempts": false,
        "showPassed": true,
        "showFailed": true,
        "showPending": true,
        "showSkipped": true,
        "html": false,
        "json": true
      },
      "version": "6.3.2"
    }
  }
}